2025-10-08 07:59:00 | DEBUG | repo=pv243-javaee-7 | action=pull
2025-10-26 20:40:00 | INFO | repo=pv243-javaee-7 | action=commit
2025-01-18 14:33:00 | INFO | repo=pv243-javaee-7 | action=commit
2025-01-05 07:58:00 | DEBUG | repo=pv243-javaee-7 | action=commit
2025-11-23 17:48:00 | DEBUG | repo=pv243-javaee-7 | action=commit
2025-01-26 10:45:00 | DEBUG | repo=pv243-javaee-7 | action=commit
2025-05-06 21:08:00 | INFO | repo=pv243-javaee-7 | action=commit
2025-10-05 19:40:00 | DEBUG | repo=pv243-javaee-7 | action=commit
2025-12-16 20:59:00 | INFO | repo=pv243-javaee-7 | action=commit
2025-08-20 18:52:00 | INFO | repo=pv243-javaee-7 | action=commit
2025-08-01 07:26:00 | WARN | repo=pv243-javaee-7 | action=commit
2025-05-16 20:52:00 | DEBUG | repo=pv243-javaee-7 | action=commit
2025-02-18 21:10:00 | WARN | repo=pv243-javaee-7 | action=commit
2025-08-05 15:36:00 | INFO | repo=pv243-javaee-7 | action=commit
2025-04-04 21:59:00 | DEBUG | repo=pv243-javaee-7 | action=commit
2025-02-06 11:40:00 | DEBUG | repo=pv243-javaee-7 | action=commit
2025-09-27 17:36:00 | DEBUG | repo=pv243-javaee-7 | action=commit
2025-09-14 08:05:00 | INFO | repo=pv243-javaee-7 | action=pull
2025-12-15 19:08:00 | DEBUG | repo=pv243-javaee-7 | action=commit
2025-07-20 20:17:00 | WARN | repo=pv243-javaee-7 | action=commit
2025-10-28 11:27:00 | WARN | repo=pv243-javaee-7 | action=edit | files=2
2025-02-12 17:02:00 | INFO | repo=pv243-javaee-7 | action=commit
2025-12-15 12:55:00 | DEBUG | repo=pv243-javaee-7 | action=commit
2025-04-05 21:43:00 | WARN | repo=pv243-javaee-7 | action=commit
2025-03-28 07:20:00 | INFO | repo=pv243-javaee-7 | action=commit
